<?xml version="1.0" encoding="utf-8" standalone="no"?>
<!--This file represents the results of running a test suite-->
<test-results name="D:\Project\IB_RealTime\Release_1_03\branch_IBTradeRealTime_1_03\src\IBTradeRealTime.Test\IBTradeRealTime.Test\bin\Debug\IBTradeRealTime.Test.exe" total="70" errors="0" failures="0" not-run="0" inconclusive="0" ignored="0" skipped="0" invalid="0" date="2016-04-18" time="08:51:26">
  <environment nunit-version="2.6.4.14350" clr-version="2.0.50727.8009" os-version="Microsoft Windows NT 6.2.9200.0" platform="Win32NT" cwd="C:\Program Files (x86)\NUnit 2.6.4\bin" machine-name="USER-PC" user="User" user-domain="User-PC" />
  <culture-info current-culture="en-US" current-uiculture="en-US" />
  <test-suite type="Assembly" name="D:\Project\IB_RealTime\Release_1_03\branch_IBTradeRealTime_1_03\src\IBTradeRealTime.Test\IBTradeRealTime.Test\bin\Debug\IBTradeRealTime.Test.exe" executed="True" result="Success" success="True" time="0.325" asserts="0">
    <results>
      <test-suite type="Namespace" name="IBTradeRealTime" executed="True" result="Success" success="True" time="0.324" asserts="0">
        <results>
          <test-suite type="Namespace" name="Test" executed="True" result="Success" success="True" time="0.275" asserts="0">
            <results>
              <test-suite type="Namespace" name="app" executed="True" result="Success" success="True" time="0.039" asserts="0">
                <results>
                  <test-suite type="TestFixture" name="AInitialTest" executed="True" result="Success" success="True" time="0.018" asserts="0">
                    <results>
                      <test-case name="IBTradeRealTime.Test.app.AInitialTest.test_deleteOrderRepositryFile" executed="True" result="Success" success="True" time="0.016" asserts="0" />
                    </results>
                  </test-suite>
                  <test-suite type="TestFixture" name="AppEventManagerTest" executed="True" result="Success" success="True" time="0.004" asserts="0">
                    <results>
                      <test-case name="IBTradeRealTime.Test.app.AppEventManagerTest.test_putTickPriceEvents" executed="True" result="Success" success="True" time="0.001" asserts="4" />
                      <test-case name="IBTradeRealTime.Test.app.AppEventManagerTest.test_putTimeEvents" executed="True" result="Success" success="True" time="0.001" asserts="4" />
                    </results>
                  </test-suite>
                  <test-suite type="TestFixture" name="AppExecutionTest" executed="True" result="Success" success="True" time="0.001" asserts="0">
                    <results>
                      <test-case name="IBTradeRealTime.Test.app.AppExecutionTest.testAppExe" executed="True" result="Success" success="True" time="0.000" asserts="1" />
                    </results>
                  </test-suite>
                  <test-suite type="TestFixture" name="AppMainteanceManagerTest" executed="True" result="Success" success="True" time="0.010" asserts="0">
                    <results>
                      <test-case name="IBTradeRealTime.Test.app.AppMainteanceManagerTest.test_getResetTime" executed="True" result="Success" success="True" time="0.000" asserts="3" />
                      <test-case name="IBTradeRealTime.Test.app.AppMainteanceManagerTest.test_handleDailyAllFlagsReset" executed="True" result="Success" success="True" time="0.000" asserts="4" />
                      <test-case name="IBTradeRealTime.Test.app.AppMainteanceManagerTest.test_handleResetRTBRequest" executed="True" result="Success" success="True" time="0.001" asserts="24" />
                      <test-case name="IBTradeRealTime.Test.app.AppMainteanceManagerTest.test_resetDailyAllFlag" executed="True" result="Success" success="True" time="0.000" asserts="6" />
                    </results>
                  </test-suite>
                </results>
              </test-suite>
              <test-suite type="Namespace" name="AppOrders" executed="True" result="Success" success="True" time="0.023" asserts="0">
                <results>
                  <test-suite type="TestFixture" name="AppOrderManagerTest" executed="True" result="Success" success="True" time="0.023" asserts="0">
                    <results>
                      <test-case name="IBTradeRealTime.Test.AppOrders.AppOrderManagerTest.test_addAppOrUpdateOrder" executed="True" result="Success" success="True" time="0.002" asserts="2" />
                      <test-case name="IBTradeRealTime.Test.AppOrders.AppOrderManagerTest.test_addOpenAppOrder" executed="True" result="Success" success="True" time="0.001" asserts="2" />
                      <test-case name="IBTradeRealTime.Test.AppOrders.AppOrderManagerTest.test_addOrderRecordToRepositry" executed="True" result="Success" success="True" time="0.002" asserts="5" />
                      <test-case name="IBTradeRealTime.Test.AppOrders.AppOrderManagerTest.test_closeOpenAppOrder" executed="True" result="Success" success="True" time="0.001" asserts="3" />
                      <test-case name="IBTradeRealTime.Test.AppOrders.AppOrderManagerTest.test_isExecutionProcessed" executed="True" result="Success" success="True" time="0.001" asserts="2" />
                      <test-case name="IBTradeRealTime.Test.AppOrders.AppOrderManagerTest.test_markExeProcessed" executed="True" result="Success" success="True" time="0.001" asserts="2" />
                      <test-case name="IBTradeRealTime.Test.AppOrders.AppOrderManagerTest.test_updateAppOrderExecution" executed="True" result="Success" success="True" time="0.001" asserts="7" />
                      <test-case name="IBTradeRealTime.Test.AppOrders.AppOrderManagerTest.test_updatePosition" executed="True" result="Success" success="True" time="0.002" asserts="19" />
                    </results>
                  </test-suite>
                </results>
              </test-suite>
              <test-suite type="Namespace" name="MarketData" executed="True" result="Success" success="True" time="0.163" asserts="0">
                <results>
                  <test-suite type="TestFixture" name="AppMDManagerTest" executed="True" result="Success" success="True" time="0.023" asserts="0">
                    <results>
                      <test-case name="IBTradeRealTime.Test.MarketData.AppMDManagerTest.test_buildAndUpdateSynMinuteBar_negative" executed="True" result="Success" success="True" time="0.000" asserts="2" />
                      <test-case name="IBTradeRealTime.Test.MarketData.AppMDManagerTest.test_buildAndUpdateSynMinuteBar_normal" executed="True" result="Success" success="True" time="0.000" asserts="34" />
                      <test-case name="IBTradeRealTime.Test.MarketData.AppMDManagerTest.test_checkIsRTBarMergeNeed_negative1" executed="True" result="Success" success="True" time="0.001" asserts="2" />
                      <test-case name="IBTradeRealTime.Test.MarketData.AppMDManagerTest.test_checkIsRTBarMergeNeed_negative2" executed="True" result="Success" success="True" time="0.000" asserts="2" />
                      <test-case name="IBTradeRealTime.Test.MarketData.AppMDManagerTest.test_checkIsRTBarMergeNeed_positive1" executed="True" result="Success" success="True" time="0.001" asserts="2" />
                      <test-case name="IBTradeRealTime.Test.MarketData.AppMDManagerTest.test_isDataReady_negative1" executed="True" result="Success" success="True" time="0.000" asserts="1" />
                      <test-case name="IBTradeRealTime.Test.MarketData.AppMDManagerTest.test_isDataReady_negative2" executed="True" result="Success" success="True" time="0.000" asserts="1" />
                      <test-case name="IBTradeRealTime.Test.MarketData.AppMDManagerTest.test_isDataReady_positive1" executed="True" result="Success" success="True" time="0.000" asserts="1" />
                      <test-case name="IBTradeRealTime.Test.MarketData.AppMDManagerTest.test_isDataReady_positive2" executed="True" result="Success" success="True" time="0.000" asserts="1" />
                      <test-case name="IBTradeRealTime.Test.MarketData.AppMDManagerTest.test_isRTBarProcessStart" executed="True" result="Success" success="True" time="0.000" asserts="4" />
                      <test-case name="IBTradeRealTime.Test.MarketData.AppMDManagerTest.test_updateRTBarSeriesActions_cont" executed="True" result="Success" success="True" time="0.000" asserts="3" />
                      <test-case name="IBTradeRealTime.Test.MarketData.AppMDManagerTest.test_updateRTBarSeriesActions_cont_negative" executed="True" result="Success" success="True" time="0.000" asserts="2" />
                      <test-case name="IBTradeRealTime.Test.MarketData.AppMDManagerTest.test_updateRTBarSeriesActions_init" executed="True" result="Success" success="True" time="0.000" asserts="2" />
                    </results>
                  </test-suite>
                  <test-suite type="TestFixture" name="AppRTBSynchronizerTest" executed="True" result="Success" success="True" time="0.137" asserts="0">
                    <results>
                      <test-case name="IBTradeRealTime.Test.MarketData.AppRTBSynchronizerTest.test_isRTBarMergeNeed" executed="True" result="Success" success="True" time="0.001" asserts="4" />
                      <test-case name="IBTradeRealTime.Test.MarketData.AppRTBSynchronizerTest.test_mergeRTBHistDataIfValid_negative1" executed="True" result="Success" success="True" time="0.000" asserts="3" />
                      <test-case name="IBTradeRealTime.Test.MarketData.AppRTBSynchronizerTest.test_mergeRTBHistDataIfValid_negative2" executed="True" result="Success" success="True" time="0.000" asserts="2" />
                      <test-case name="IBTradeRealTime.Test.MarketData.AppRTBSynchronizerTest.test_mergeRTBHistDataIfValid_negative3" executed="True" result="Success" success="True" time="0.000" asserts="2" />
                      <test-case name="IBTradeRealTime.Test.MarketData.AppRTBSynchronizerTest.test_mergeRTBHistDataIfValid_negative4" executed="True" result="Success" success="True" time="0.000" asserts="2" />
                      <test-case name="IBTradeRealTime.Test.MarketData.AppRTBSynchronizerTest.test_mergeRTBHistDataIfValid_positive1" executed="True" result="Success" success="True" time="0.041" asserts="6" />
                      <test-case name="IBTradeRealTime.Test.MarketData.AppRTBSynchronizerTest.test_mergeRTBHistDataIfValid_positive2" executed="True" result="Success" success="True" time="0.000" asserts="6" />
                      <test-case name="IBTradeRealTime.Test.MarketData.AppRTBSynchronizerTest.test_mergeRTBHistDataIfValid_positive3" executed="True" result="Success" success="True" time="0.000" asserts="6" />
                      <test-case name="IBTradeRealTime.Test.MarketData.AppRTBSynchronizerTest.test_reqHistDataIfValid" executed="True" result="Success" success="True" time="0.077" asserts="2" />
                      <test-case name="IBTradeRealTime.Test.MarketData.AppRTBSynchronizerTest.test_updatePreMergeRTBarSeries" executed="True" result="Success" success="True" time="0.000" asserts="3" />
                    </results>
                  </test-suite>
                </results>
              </test-suite>
              <test-suite type="Namespace" name="Strategy" executed="True" result="Success" success="True" time="0.036" asserts="0">
                <results>
                  <test-suite type="TestFixture" name="SignalContextTest" executed="True" result="Success" success="True" time="0.036" asserts="0">
                    <results>
                      <test-case name="IBTradeRealTime.Test.Strategy.SignalContextTest.test_CompletePendingSignal" executed="True" result="Success" success="True" time="0.000" asserts="5" />
                      <test-case name="IBTradeRealTime.Test.Strategy.SignalContextTest.test_GetCompleteSignalSide_Positive" executed="True" result="Success" success="True" time="0.000" asserts="3" />
                      <test-case name="IBTradeRealTime.Test.Strategy.SignalContextTest.test_GetFilled_Price" executed="True" result="Success" success="True" time="0.000" asserts="3" />
                      <test-case name="IBTradeRealTime.Test.Strategy.SignalContextTest.test_GetIndexClosedAppOrder" executed="True" result="Success" success="True" time="0.000" asserts="2" />
                      <test-case name="IBTradeRealTime.Test.Strategy.SignalContextTest.test_IBTradeApp" executed="True" result="Success" success="True" time="0.000" asserts="0" />
                      <test-case name="IBTradeRealTime.Test.Strategy.SignalContextTest.test_IsPendingOrderSet_Negative" executed="True" result="Success" success="True" time="0.000" asserts="1" />
                      <test-case name="IBTradeRealTime.Test.Strategy.SignalContextTest.test_IsPendingOrderSet_Positive" executed="True" result="Success" success="True" time="0.000" asserts="3" />
                      <test-case name="IBTradeRealTime.Test.Strategy.SignalContextTest.test_IsPositionEmptySignalOnClose_Negative" executed="True" result="Success" success="True" time="0.000" asserts="7" />
                      <test-case name="IBTradeRealTime.Test.Strategy.SignalContextTest.test_IsPositionEmptySignalOnClose_Positive" executed="True" result="Success" success="True" time="0.000" asserts="6" />
                      <test-case name="IBTradeRealTime.Test.Strategy.SignalContextTest.test_IsPositionEmptySignalOnOpen_Negative" executed="True" result="Success" success="True" time="0.000" asserts="5" />
                      <test-case name="IBTradeRealTime.Test.Strategy.SignalContextTest.test_IsPositionEmptySignalOnOpen_Positive" executed="True" result="Success" success="True" time="0.000" asserts="5" />
                      <test-case name="IBTradeRealTime.Test.Strategy.SignalContextTest.test_IsPositionOnSignalEmpty_Negative" executed="True" result="Success" success="True" time="0.000" asserts="3" />
                      <test-case name="IBTradeRealTime.Test.Strategy.SignalContextTest.test_IsPositionOnSignalEmpty_Positive" executed="True" result="Success" success="True" time="0.000" asserts="1" />
                      <test-case name="IBTradeRealTime.Test.Strategy.SignalContextTest.test_IsPositionOnSignalOnClose_Negative" executed="True" result="Success" success="True" time="0.000" asserts="9" />
                      <test-case name="IBTradeRealTime.Test.Strategy.SignalContextTest.test_IsPositionOnSignalOnClose_Positive" executed="True" result="Success" success="True" time="0.000" asserts="7" />
                      <test-case name="IBTradeRealTime.Test.Strategy.SignalContextTest.test_IsPositionOnSignalOnOpen_Negative" executed="True" result="Success" success="True" time="0.000" asserts="8" />
                      <test-case name="IBTradeRealTime.Test.Strategy.SignalContextTest.test_IsPositionOnSignalOnOpen_Positive" executed="True" result="Success" success="True" time="0.000" asserts="6" />
                      <test-case name="IBTradeRealTime.Test.Strategy.SignalContextTest.test_IsPositionSignalBothEmpty_Negative" executed="True" result="Success" success="True" time="0.000" asserts="2" />
                      <test-case name="IBTradeRealTime.Test.Strategy.SignalContextTest.test_IsPositionSignalBothEmpty_Positive" executed="True" result="Success" success="True" time="0.000" asserts="1" />
                      <test-case name="IBTradeRealTime.Test.Strategy.SignalContextTest.test_IsSignalBidirection_Negative" executed="True" result="Success" success="True" time="0.000" asserts="1" />
                      <test-case name="IBTradeRealTime.Test.Strategy.SignalContextTest.test_IsSignalBidirection_Positive" executed="True" result="Success" success="True" time="0.000" asserts="1" />
                    </results>
                  </test-suite>
                </results>
              </test-suite>
            </results>
          </test-suite>
          <test-suite type="Namespace" name="util" executed="True" result="Success" success="True" time="0.039" asserts="0">
            <results>
              <test-suite type="TestFixture" name="AppObjectUtilTest" executed="True" result="Success" success="True" time="0.004" asserts="0">
                <results>
                  <test-case name="IBTradeRealTime.util.AppObjectUtilTest.testIsOrderClosed_with10contract" executed="True" result="Success" success="True" time="0.000" asserts="1" />
                  <test-case name="IBTradeRealTime.util.AppObjectUtilTest.testIsOrderClosed_with10contract_5Complete" executed="True" result="Success" success="True" time="0.000" asserts="1" />
                  <test-case name="IBTradeRealTime.util.AppObjectUtilTest.testIsOrderClosed_with1contract" executed="True" result="Success" success="True" time="0.000" asserts="1" />
                </results>
              </test-suite>
              <test-suite type="TestFixture" name="MarketDataUtilTest" executed="True" result="Success" success="True" time="0.004" asserts="0">
                <results>
                  <test-case name="IBTradeRealTime.util.MarketDataUtilTest.test_convertBarToMarketDataElement" executed="True" result="Success" success="True" time="0.000" asserts="6" />
                  <test-case name="IBTradeRealTime.util.MarketDataUtilTest.test_isThisMessageEndOfMinute" executed="True" result="Success" success="True" time="0.000" asserts="2" />
                  <test-case name="IBTradeRealTime.util.MarketDataUtilTest.test_isThisMessageStartOfMinute" executed="True" result="Success" success="True" time="0.000" asserts="2" />
                </results>
              </test-suite>
              <test-suite type="TestFixture" name="OrderFileReaderTest" executed="True" result="Success" success="True" time="0.001" asserts="0">
                <results>
                  <test-case name="IBTradeRealTime.util.OrderFileReaderTest.test_getOrderRecorderFromFile" executed="True" result="Success" success="True" time="0.000" asserts="10" />
                </results>
              </test-suite>
              <test-suite type="TestFixture" name="OrderPersistHelperTest" executed="True" result="Success" success="True" time="0.018" asserts="0">
                <results>
                  <test-case name="IBTradeRealTime.util.OrderPersistHelperTest.test_renameOldfile" executed="True" result="Success" success="True" time="0.002" asserts="1" />
                  <test-case name="IBTradeRealTime.util.OrderPersistHelperTest.test_SaveLastRow" executed="True" result="Success" success="True" time="0.013" asserts="82" />
                </results>
              </test-suite>
              <test-suite type="TestFixture" name="PositionPersistHelperTest" executed="True" result="Success" success="True" time="0.001" asserts="0">
                <results>
                  <test-case name="IBTradeRealTime.util.PositionPersistHelperTest.test_SaveRows1" executed="True" result="Success" success="True" time="0.001" asserts="14" />
                </results>
              </test-suite>
            </results>
          </test-suite>
        </results>
      </test-suite>
    </results>
  </test-suite>
</test-results>